2024-04-16 09:01:22,055 INFO    StreamThr :33278 [internal.py:wandb_internal():86] W&B internal server running at pid: 33278, started at: 2024-04-16 09:01:22.052852
2024-04-16 09:01:22,058 DEBUG   HandlerThread:33278 [handler.py:handle_request():146] handle_request: status
2024-04-16 09:01:22,059 INFO    WriterThread:33278 [datastore.py:open_for_write():87] open: /Users/vladimir/Desktop/CIFAR10-Classification/notebooks/wandb/run-20240416_090117-t47a2dek/run-t47a2dek.wandb
2024-04-16 09:01:22,062 DEBUG   SenderThread:33278 [sender.py:send():379] send: header
2024-04-16 09:01:22,063 DEBUG   SenderThread:33278 [sender.py:send():379] send: run
2024-04-16 09:01:23,171 INFO    SenderThread:33278 [dir_watcher.py:__init__():211] watching files in: /Users/vladimir/Desktop/CIFAR10-Classification/notebooks/wandb/run-20240416_090117-t47a2dek/files
2024-04-16 09:01:23,171 INFO    SenderThread:33278 [sender.py:_start_run_threads():1124] run started: t47a2dek with start time 1713247281.173401
2024-04-16 09:01:23,189 DEBUG   HandlerThread:33278 [handler.py:handle_request():146] handle_request: check_version
2024-04-16 09:01:23,189 DEBUG   SenderThread:33278 [sender.py:send_request():406] send_request: check_version
2024-04-16 09:01:23,551 DEBUG   HandlerThread:33278 [handler.py:handle_request():146] handle_request: run_start
2024-04-16 09:01:23,552 DEBUG   HandlerThread:33278 [system_info.py:__init__():26] System info init
2024-04-16 09:01:23,552 DEBUG   HandlerThread:33278 [system_info.py:__init__():41] System info init done
2024-04-16 09:01:23,552 INFO    HandlerThread:33278 [system_monitor.py:start():194] Starting system monitor
2024-04-16 09:01:23,553 INFO    SystemMonitor:33278 [system_monitor.py:_start():158] Starting system asset monitoring threads
2024-04-16 09:01:23,553 INFO    HandlerThread:33278 [system_monitor.py:probe():214] Collecting system info
2024-04-16 09:01:23,553 DEBUG   HandlerThread:33278 [system_info.py:probe():150] Probing system
2024-04-16 09:01:23,553 INFO    SystemMonitor:33278 [interfaces.py:start():190] Started cpu monitoring
2024-04-16 09:01:23,554 INFO    SystemMonitor:33278 [interfaces.py:start():190] Started disk monitoring
2024-04-16 09:01:23,555 INFO    SystemMonitor:33278 [interfaces.py:start():190] Started memory monitoring
2024-04-16 09:01:23,556 INFO    SystemMonitor:33278 [interfaces.py:start():190] Started network monitoring
2024-04-16 09:01:23,557 DEBUG   HandlerThread:33278 [system_info.py:_probe_git():135] Probing git
2024-04-16 09:01:23,608 DEBUG   HandlerThread:33278 [system_info.py:_probe_git():143] Probing git done
2024-04-16 09:01:23,608 DEBUG   HandlerThread:33278 [system_info.py:probe():198] Probing system done
2024-04-16 09:01:23,608 DEBUG   HandlerThread:33278 [system_monitor.py:probe():223] {'os': 'macOS-10.16-x86_64-i386-64bit', 'python': '3.9.13', 'heartbeatAt': '2024-04-16T06:01:23.553893', 'startedAt': '2024-04-16T06:01:17.113264', 'docker': None, 'cuda': None, 'args': (), 'state': 'running', 'program': '<python with no main file>', 'codePathLocal': None, 'git': {'remote': 'https://github.com/Jeyd0n/CIFAR10-Classification.git', 'commit': '1df5f9b5abaec8852d414b73fd9f121242e09416'}, 'email': 'polukhin.vo@icloud.com', 'root': '/Users/vladimir/Desktop/CIFAR10-Classification', 'host': 'MacBook-Air-Vladimir.local', 'username': 'vladimir', 'executable': '/Users/vladimir/opt/anaconda3/bin/python', 'cpu_count': 8, 'cpu_count_logical': 8, 'cpu_freq': {'current': 2400, 'min': 2400, 'max': 2400}, 'cpu_freq_per_core': [{'current': 2400, 'min': 2400, 'max': 2400}], 'disk': {'/': {'total': 460.4317207336426, 'used': 285.0053482055664}}, 'memory': {'total': 8.0}}
2024-04-16 09:01:23,609 INFO    HandlerThread:33278 [system_monitor.py:probe():224] Finished collecting system info
2024-04-16 09:01:23,609 INFO    HandlerThread:33278 [system_monitor.py:probe():227] Publishing system info
2024-04-16 09:01:23,609 DEBUG   HandlerThread:33278 [system_info.py:_save_conda():207] Saving list of conda packages installed into the current environment
2024-04-16 09:01:24,177 INFO    Thread-39 :33278 [dir_watcher.py:_on_file_created():271] file/dir created: /Users/vladimir/Desktop/CIFAR10-Classification/notebooks/wandb/run-20240416_090117-t47a2dek/files/conda-environment.yaml
2024-04-16 09:01:36,237 INFO    Thread-39 :33278 [dir_watcher.py:_on_file_modified():288] file/dir modified: /Users/vladimir/Desktop/CIFAR10-Classification/notebooks/wandb/run-20240416_090117-t47a2dek/files/conda-environment.yaml
2024-04-16 09:01:36,378 DEBUG   HandlerThread:33278 [system_info.py:_save_conda():222] Saving conda packages done
2024-04-16 09:01:36,379 INFO    HandlerThread:33278 [system_monitor.py:probe():229] Finished publishing system info
2024-04-16 09:01:36,379 DEBUG   HandlerThread:33278 [handler.py:handle_request():146] handle_request: status_report
2024-04-16 09:01:36,379 DEBUG   HandlerThread:33278 [handler.py:handle_request():146] handle_request: keepalive
2024-04-16 09:01:36,379 DEBUG   HandlerThread:33278 [handler.py:handle_request():146] handle_request: status_report
2024-04-16 09:01:36,380 DEBUG   HandlerThread:33278 [handler.py:handle_request():146] handle_request: keepalive
2024-04-16 09:01:36,380 DEBUG   SenderThread:33278 [sender.py:send():379] send: files
2024-04-16 09:01:36,380 INFO    SenderThread:33278 [sender.py:_save_file():1390] saving file wandb-metadata.json with policy now
2024-04-16 09:01:36,692 DEBUG   HandlerThread:33278 [handler.py:handle_request():146] handle_request: python_packages
2024-04-16 09:01:36,692 DEBUG   SenderThread:33278 [sender.py:send_request():406] send_request: python_packages
2024-04-16 09:01:36,693 DEBUG   SenderThread:33278 [sender.py:send():379] send: telemetry
2024-04-16 09:01:36,693 DEBUG   HandlerThread:33278 [handler.py:handle_request():146] handle_request: stop_status
2024-04-16 09:01:36,693 DEBUG   SenderThread:33278 [sender.py:send_request():406] send_request: stop_status
2024-04-16 09:01:36,694 DEBUG   HandlerThread:33278 [handler.py:handle_request():146] handle_request: internal_messages
2024-04-16 09:01:37,241 INFO    Thread-39 :33278 [dir_watcher.py:_on_file_created():271] file/dir created: /Users/vladimir/Desktop/CIFAR10-Classification/notebooks/wandb/run-20240416_090117-t47a2dek/files/wandb-metadata.json
2024-04-16 09:01:37,241 INFO    Thread-39 :33278 [dir_watcher.py:_on_file_created():271] file/dir created: /Users/vladimir/Desktop/CIFAR10-Classification/notebooks/wandb/run-20240416_090117-t47a2dek/files/output.log
2024-04-16 09:01:37,242 INFO    Thread-39 :33278 [dir_watcher.py:_on_file_created():271] file/dir created: /Users/vladimir/Desktop/CIFAR10-Classification/notebooks/wandb/run-20240416_090117-t47a2dek/files/requirements.txt
2024-04-16 09:01:37,460 INFO    wandb-upload_0:33278 [upload_job.py:push():131] Uploaded file /var/folders/6l/d753qyzd7d32d9tlf0j4xtnc0000gn/T/tmpzq1hz654wandb/59ijmfzf-wandb-metadata.json
2024-04-16 09:01:38,047 DEBUG   HandlerThread:33278 [handler.py:handle_request():146] handle_request: status_report
2024-04-16 09:01:39,253 INFO    Thread-39 :33278 [dir_watcher.py:_on_file_modified():288] file/dir modified: /Users/vladimir/Desktop/CIFAR10-Classification/notebooks/wandb/run-20240416_090117-t47a2dek/files/output.log
2024-04-16 09:01:40,955 DEBUG   HandlerThread:33278 [handler.py:handle_request():146] handle_request: log_artifact
2024-04-16 09:01:40,955 DEBUG   SenderThread:33278 [sender.py:send_request():406] send_request: log_artifact
2024-04-16 09:01:51,704 DEBUG   HandlerThread:33278 [handler.py:handle_request():146] handle_request: internal_messages
2024-04-16 09:01:51,707 DEBUG   HandlerThread:33278 [handler.py:handle_request():146] handle_request: stop_status
2024-04-16 09:01:55,107 INFO    wandb-upload_0:33278 [upload_job.py:push():89] Uploaded file /Users/vladimir/Library/Application Support/wandb/artifacts/staging/tmphhw3jjyh
2024-04-16 09:01:56,224 INFO    SenderThread:33278 [sender.py:send_request_log_artifact():1456] logged artifact run-t47a2dek-first_version.pth - {'id': 'QXJ0aWZhY3Q6Nzk4NTIyODY4', 'state': 'PENDING', 'artifactSequence': {'id': 'QXJ0aWZhY3RDb2xsZWN0aW9uOjE2MzA5NDk0Mg==', 'latestArtifact': None}}
2024-04-16 09:01:56,231 DEBUG   HandlerThread:33278 [handler.py:handle_request():146] handle_request: status_report
2024-04-16 09:01:56,458 DEBUG   SenderThread:33278 [sender.py:send():379] send: link_artifact
2024-04-16 09:01:56,459 DEBUG   SenderThread:33278 [sender.py:send_link_artifact():1420] link_artifact params - client_id=thiwnage0ela0qrl46opk0i1cewj3j17nr1ynk31nxi573zji86cz1i20n4g02ltacvz5j0q0k19kr79ht7cawzjelmu97tulz5902t5n05c4is2bmv574vdx8dy6fi5, server_id=, pfolio=NeurlNetwork, entity=polukhin, project=model-registry
2024-04-16 09:01:56,698 DEBUG   SenderThread:33278 [sender.py:send_request():406] send_request: stop_status
2024-04-16 09:01:56,726 DEBUG   HandlerThread:33278 [handler.py:handle_request():146] handle_request: keepalive
2024-04-16 09:01:57,337 INFO    Thread-39 :33278 [dir_watcher.py:_on_file_modified():288] file/dir modified: /Users/vladimir/Desktop/CIFAR10-Classification/notebooks/wandb/run-20240416_090117-t47a2dek/files/config.yaml
2024-04-16 09:01:59,346 INFO    Thread-39 :33278 [dir_watcher.py:_on_file_modified():288] file/dir modified: /Users/vladimir/Desktop/CIFAR10-Classification/notebooks/wandb/run-20240416_090117-t47a2dek/files/output.log
2024-04-16 09:02:01,938 DEBUG   HandlerThread:33278 [handler.py:handle_request():146] handle_request: status_report
2024-04-16 09:02:06,705 DEBUG   HandlerThread:33278 [handler.py:handle_request():146] handle_request: stop_status
2024-04-16 09:02:06,708 DEBUG   SenderThread:33278 [sender.py:send_request():406] send_request: stop_status
2024-04-16 09:02:06,708 DEBUG   HandlerThread:33278 [handler.py:handle_request():146] handle_request: internal_messages
2024-04-16 09:02:06,989 DEBUG   HandlerThread:33278 [handler.py:handle_request():146] handle_request: status_report
2024-04-16 09:02:12,010 DEBUG   HandlerThread:33278 [handler.py:handle_request():146] handle_request: status_report
2024-04-16 09:02:17,032 DEBUG   HandlerThread:33278 [handler.py:handle_request():146] handle_request: status_report
2024-04-16 09:02:21,711 DEBUG   HandlerThread:33278 [handler.py:handle_request():146] handle_request: stop_status
2024-04-16 09:02:21,711 DEBUG   HandlerThread:33278 [handler.py:handle_request():146] handle_request: internal_messages
2024-04-16 09:02:21,712 DEBUG   SenderThread:33278 [sender.py:send_request():406] send_request: stop_status
2024-04-16 09:02:22,976 DEBUG   HandlerThread:33278 [handler.py:handle_request():146] handle_request: status_report
2024-04-16 09:02:23,560 DEBUG   SystemMonitor:33278 [system_monitor.py:_start():172] Starting system metrics aggregation loop
2024-04-16 09:02:23,563 DEBUG   SenderThread:33278 [sender.py:send():379] send: stats
2024-04-16 09:02:28,588 DEBUG   HandlerThread:33278 [handler.py:handle_request():146] handle_request: status_report
2024-04-16 09:02:33,605 DEBUG   HandlerThread:33278 [handler.py:handle_request():146] handle_request: status_report
2024-04-16 09:02:36,714 DEBUG   HandlerThread:33278 [handler.py:handle_request():146] handle_request: stop_status
2024-04-16 09:02:36,715 DEBUG   HandlerThread:33278 [handler.py:handle_request():146] handle_request: internal_messages
2024-04-16 09:02:36,715 DEBUG   SenderThread:33278 [sender.py:send_request():406] send_request: stop_status
2024-04-16 09:02:38,978 DEBUG   HandlerThread:33278 [handler.py:handle_request():146] handle_request: status_report
2024-04-16 09:02:43,999 DEBUG   HandlerThread:33278 [handler.py:handle_request():146] handle_request: status_report
2024-04-16 09:02:49,020 DEBUG   HandlerThread:33278 [handler.py:handle_request():146] handle_request: status_report
2024-04-16 09:02:51,721 DEBUG   HandlerThread:33278 [handler.py:handle_request():146] handle_request: stop_status
2024-04-16 09:02:51,722 DEBUG   HandlerThread:33278 [handler.py:handle_request():146] handle_request: internal_messages
2024-04-16 09:02:51,722 DEBUG   SenderThread:33278 [sender.py:send_request():406] send_request: stop_status
2024-04-16 09:02:53,333 DEBUG   SenderThread:33278 [sender.py:send():379] send: use_artifact
2024-04-16 09:02:53,566 DEBUG   SenderThread:33278 [sender.py:send():379] send: stats
2024-04-16 09:02:54,279 DEBUG   HandlerThread:33278 [handler.py:handle_request():146] handle_request: status_report
2024-04-16 09:02:55,595 INFO    Thread-39 :33278 [dir_watcher.py:_on_file_modified():288] file/dir modified: /Users/vladimir/Desktop/CIFAR10-Classification/notebooks/wandb/run-20240416_090117-t47a2dek/files/output.log
2024-04-16 09:02:56,601 INFO    Thread-39 :33278 [dir_watcher.py:_on_file_modified():288] file/dir modified: /Users/vladimir/Desktop/CIFAR10-Classification/notebooks/wandb/run-20240416_090117-t47a2dek/files/output.log
2024-04-16 09:02:59,423 DEBUG   HandlerThread:33278 [handler.py:handle_request():146] handle_request: status_report
2024-04-16 09:03:01,627 INFO    Thread-39 :33278 [dir_watcher.py:_on_file_modified():288] file/dir modified: /Users/vladimir/Desktop/CIFAR10-Classification/notebooks/wandb/run-20240416_090117-t47a2dek/files/output.log
2024-04-16 09:03:04,658 DEBUG   HandlerThread:33278 [handler.py:handle_request():146] handle_request: status_report
2024-04-16 09:03:05,648 INFO    Thread-39 :33278 [dir_watcher.py:_on_file_modified():288] file/dir modified: /Users/vladimir/Desktop/CIFAR10-Classification/notebooks/wandb/run-20240416_090117-t47a2dek/files/output.log
2024-04-16 09:03:06,725 DEBUG   HandlerThread:33278 [handler.py:handle_request():146] handle_request: stop_status
2024-04-16 09:03:06,725 DEBUG   SenderThread:33278 [sender.py:send_request():406] send_request: stop_status
2024-04-16 09:03:06,726 DEBUG   HandlerThread:33278 [handler.py:handle_request():146] handle_request: internal_messages
2024-04-16 09:03:10,024 DEBUG   HandlerThread:33278 [handler.py:handle_request():146] handle_request: status_report
2024-04-16 09:03:15,040 DEBUG   HandlerThread:33278 [handler.py:handle_request():146] handle_request: status_report
2024-04-16 09:03:20,059 DEBUG   HandlerThread:33278 [handler.py:handle_request():146] handle_request: status_report
2024-04-16 09:03:21,729 DEBUG   HandlerThread:33278 [handler.py:handle_request():146] handle_request: stop_status
2024-04-16 09:03:21,729 DEBUG   HandlerThread:33278 [handler.py:handle_request():146] handle_request: internal_messages
2024-04-16 09:03:21,730 DEBUG   SenderThread:33278 [sender.py:send_request():406] send_request: stop_status
2024-04-16 09:03:23,571 DEBUG   SenderThread:33278 [sender.py:send():379] send: stats
2024-04-16 09:03:25,579 DEBUG   HandlerThread:33278 [handler.py:handle_request():146] handle_request: status_report
2024-04-16 09:03:30,598 DEBUG   HandlerThread:33278 [handler.py:handle_request():146] handle_request: status_report
2024-04-16 09:03:35,619 DEBUG   HandlerThread:33278 [handler.py:handle_request():146] handle_request: status_report
2024-04-16 09:03:36,738 DEBUG   HandlerThread:33278 [handler.py:handle_request():146] handle_request: stop_status
2024-04-16 09:03:36,739 DEBUG   HandlerThread:33278 [handler.py:handle_request():146] handle_request: internal_messages
2024-04-16 09:03:36,740 DEBUG   SenderThread:33278 [sender.py:send_request():406] send_request: stop_status
2024-04-16 09:03:41,051 DEBUG   HandlerThread:33278 [handler.py:handle_request():146] handle_request: status_report
2024-04-16 09:03:46,070 DEBUG   HandlerThread:33278 [handler.py:handle_request():146] handle_request: status_report
2024-04-16 09:03:51,092 DEBUG   HandlerThread:33278 [handler.py:handle_request():146] handle_request: status_report
2024-04-16 09:03:51,737 DEBUG   HandlerThread:33278 [handler.py:handle_request():146] handle_request: stop_status
2024-04-16 09:03:51,738 DEBUG   SenderThread:33278 [sender.py:send_request():406] send_request: stop_status
2024-04-16 09:03:51,744 DEBUG   HandlerThread:33278 [handler.py:handle_request():146] handle_request: internal_messages
2024-04-16 09:03:53,581 DEBUG   SenderThread:33278 [sender.py:send():379] send: stats
2024-04-16 09:03:56,596 DEBUG   HandlerThread:33278 [handler.py:handle_request():146] handle_request: status_report
2024-04-16 09:04:01,622 DEBUG   HandlerThread:33278 [handler.py:handle_request():146] handle_request: status_report
2024-04-16 09:04:06,642 DEBUG   HandlerThread:33278 [handler.py:handle_request():146] handle_request: status_report
2024-04-16 09:04:06,741 DEBUG   HandlerThread:33278 [handler.py:handle_request():146] handle_request: stop_status
2024-04-16 09:04:06,741 DEBUG   HandlerThread:33278 [handler.py:handle_request():146] handle_request: internal_messages
2024-04-16 09:04:06,742 DEBUG   SenderThread:33278 [sender.py:send_request():406] send_request: stop_status
2024-04-16 09:04:11,980 DEBUG   HandlerThread:33278 [handler.py:handle_request():146] handle_request: status_report
2024-04-16 09:04:17,004 DEBUG   HandlerThread:33278 [handler.py:handle_request():146] handle_request: status_report
2024-04-16 09:04:21,748 DEBUG   HandlerThread:33278 [handler.py:handle_request():146] handle_request: internal_messages
2024-04-16 09:04:21,749 DEBUG   HandlerThread:33278 [handler.py:handle_request():146] handle_request: stop_status
2024-04-16 09:04:21,751 DEBUG   SenderThread:33278 [sender.py:send_request():406] send_request: stop_status
2024-04-16 09:04:22,044 DEBUG   HandlerThread:33278 [handler.py:handle_request():146] handle_request: status_report
2024-04-16 09:04:23,588 DEBUG   SenderThread:33278 [sender.py:send():379] send: stats
2024-04-16 09:04:27,604 DEBUG   HandlerThread:33278 [handler.py:handle_request():146] handle_request: status_report
2024-04-16 09:04:32,622 DEBUG   HandlerThread:33278 [handler.py:handle_request():146] handle_request: status_report
2024-04-16 09:04:36,752 DEBUG   HandlerThread:33278 [handler.py:handle_request():146] handle_request: stop_status
2024-04-16 09:04:36,753 DEBUG   HandlerThread:33278 [handler.py:handle_request():146] handle_request: internal_messages
2024-04-16 09:04:36,754 DEBUG   SenderThread:33278 [sender.py:send_request():406] send_request: stop_status
2024-04-16 09:04:38,182 DEBUG   HandlerThread:33278 [handler.py:handle_request():146] handle_request: status_report
2024-04-16 09:04:43,204 DEBUG   HandlerThread:33278 [handler.py:handle_request():146] handle_request: status_report
2024-04-16 09:04:48,226 DEBUG   HandlerThread:33278 [handler.py:handle_request():146] handle_request: status_report
2024-04-16 09:04:51,758 DEBUG   HandlerThread:33278 [handler.py:handle_request():146] handle_request: internal_messages
2024-04-16 09:04:51,759 DEBUG   HandlerThread:33278 [handler.py:handle_request():146] handle_request: stop_status
2024-04-16 09:04:51,761 DEBUG   SenderThread:33278 [sender.py:send_request():406] send_request: stop_status
2024-04-16 09:04:53,594 DEBUG   SenderThread:33278 [sender.py:send():379] send: stats
2024-04-16 09:04:53,598 DEBUG   HandlerThread:33278 [handler.py:handle_request():146] handle_request: status_report
2024-04-16 09:04:58,619 DEBUG   HandlerThread:33278 [handler.py:handle_request():146] handle_request: status_report
2024-04-16 09:05:03,646 DEBUG   HandlerThread:33278 [handler.py:handle_request():146] handle_request: status_report
2024-04-16 09:05:06,758 DEBUG   HandlerThread:33278 [handler.py:handle_request():146] handle_request: stop_status
2024-04-16 09:05:06,760 DEBUG   SenderThread:33278 [sender.py:send_request():406] send_request: stop_status
2024-04-16 09:05:06,768 DEBUG   HandlerThread:33278 [handler.py:handle_request():146] handle_request: internal_messages
2024-04-16 09:05:09,038 DEBUG   HandlerThread:33278 [handler.py:handle_request():146] handle_request: status_report
2024-04-16 09:05:14,055 DEBUG   HandlerThread:33278 [handler.py:handle_request():146] handle_request: status_report
2024-04-16 09:05:19,075 DEBUG   HandlerThread:33278 [handler.py:handle_request():146] handle_request: status_report
2024-04-16 09:05:21,764 DEBUG   HandlerThread:33278 [handler.py:handle_request():146] handle_request: stop_status
2024-04-16 09:05:21,765 DEBUG   SenderThread:33278 [sender.py:send_request():406] send_request: stop_status
2024-04-16 09:05:21,771 DEBUG   HandlerThread:33278 [handler.py:handle_request():146] handle_request: internal_messages
2024-04-16 09:05:23,602 DEBUG   SenderThread:33278 [sender.py:send():379] send: stats
2024-04-16 09:05:24,609 DEBUG   HandlerThread:33278 [handler.py:handle_request():146] handle_request: status_report
2024-04-16 09:05:29,625 DEBUG   HandlerThread:33278 [handler.py:handle_request():146] handle_request: status_report
2024-04-16 09:05:34,646 DEBUG   HandlerThread:33278 [handler.py:handle_request():146] handle_request: status_report
2024-04-16 09:05:36,768 DEBUG   HandlerThread:33278 [handler.py:handle_request():146] handle_request: stop_status
2024-04-16 09:05:36,768 DEBUG   SenderThread:33278 [sender.py:send_request():406] send_request: stop_status
2024-04-16 09:05:36,770 DEBUG   HandlerThread:33278 [handler.py:handle_request():146] handle_request: internal_messages
2024-04-16 09:05:40,025 DEBUG   HandlerThread:33278 [handler.py:handle_request():146] handle_request: status_report
2024-04-16 09:05:45,046 DEBUG   HandlerThread:33278 [handler.py:handle_request():146] handle_request: status_report
2024-04-16 09:05:50,072 DEBUG   HandlerThread:33278 [handler.py:handle_request():146] handle_request: status_report
2024-04-16 09:05:51,773 DEBUG   HandlerThread:33278 [handler.py:handle_request():146] handle_request: stop_status
2024-04-16 09:05:51,774 DEBUG   SenderThread:33278 [sender.py:send_request():406] send_request: stop_status
2024-04-16 09:05:51,780 DEBUG   HandlerThread:33278 [handler.py:handle_request():146] handle_request: internal_messages
2024-04-16 09:05:53,613 DEBUG   SenderThread:33278 [sender.py:send():379] send: stats
2024-04-16 09:05:55,629 DEBUG   HandlerThread:33278 [handler.py:handle_request():146] handle_request: status_report
2024-04-16 09:06:10,493 DEBUG   HandlerThread:33278 [handler.py:handle_request():146] handle_request: status_report
2024-04-16 09:06:12,601 DEBUG   HandlerThread:33278 [handler.py:handle_request():146] handle_request: stop_status
2024-04-16 09:06:12,603 DEBUG   SenderThread:33278 [sender.py:send_request():406] send_request: stop_status
2024-04-16 09:06:12,610 DEBUG   HandlerThread:33278 [handler.py:handle_request():146] handle_request: internal_messages
2024-04-16 09:06:17,636 DEBUG   HandlerThread:33278 [handler.py:handle_request():146] handle_request: keepalive
2024-04-16 09:06:22,683 DEBUG   HandlerThread:33278 [handler.py:handle_request():146] handle_request: keepalive
2024-04-16 09:06:27,614 DEBUG   HandlerThread:33278 [handler.py:handle_request():146] handle_request: internal_messages
2024-04-16 09:06:32,781 DEBUG   HandlerThread:33278 [handler.py:handle_request():146] handle_request: keepalive
2024-04-16 09:06:35,832 INFO    SenderThread:33278 [retry.py:__call__():172] Retry attempt failed:
Traceback (most recent call last):
  File "/Users/vladimir/opt/anaconda3/lib/python3.9/site-packages/urllib3/connection.py", line 203, in _new_conn
    sock = connection.create_connection(
  File "/Users/vladimir/opt/anaconda3/lib/python3.9/site-packages/urllib3/util/connection.py", line 60, in create_connection
    for res in socket.getaddrinfo(host, port, family, socket.SOCK_STREAM):
  File "/Users/vladimir/opt/anaconda3/lib/python3.9/socket.py", line 954, in getaddrinfo
    for res in _socket.getaddrinfo(host, port, family, type, proto, flags):
socket.gaierror: [Errno 8] nodename nor servname provided, or not known

The above exception was the direct cause of the following exception:

Traceback (most recent call last):
  File "/Users/vladimir/opt/anaconda3/lib/python3.9/site-packages/urllib3/connectionpool.py", line 790, in urlopen
    response = self._make_request(
  File "/Users/vladimir/opt/anaconda3/lib/python3.9/site-packages/urllib3/connectionpool.py", line 491, in _make_request
    raise new_e
  File "/Users/vladimir/opt/anaconda3/lib/python3.9/site-packages/urllib3/connectionpool.py", line 467, in _make_request
    self._validate_conn(conn)
  File "/Users/vladimir/opt/anaconda3/lib/python3.9/site-packages/urllib3/connectionpool.py", line 1096, in _validate_conn
    conn.connect()
  File "/Users/vladimir/opt/anaconda3/lib/python3.9/site-packages/urllib3/connection.py", line 611, in connect
    self.sock = sock = self._new_conn()
  File "/Users/vladimir/opt/anaconda3/lib/python3.9/site-packages/urllib3/connection.py", line 210, in _new_conn
    raise NameResolutionError(self.host, self, e) from e
urllib3.exceptions.NameResolutionError: <urllib3.connection.HTTPSConnection object at 0x7fc741007220>: Failed to resolve 'api.wandb.ai' ([Errno 8] nodename nor servname provided, or not known)

The above exception was the direct cause of the following exception:

Traceback (most recent call last):
  File "/Users/vladimir/opt/anaconda3/lib/python3.9/site-packages/requests/adapters.py", line 486, in send
    resp = conn.urlopen(
  File "/Users/vladimir/opt/anaconda3/lib/python3.9/site-packages/urllib3/connectionpool.py", line 844, in urlopen
    retries = retries.increment(
  File "/Users/vladimir/opt/anaconda3/lib/python3.9/site-packages/urllib3/util/retry.py", line 515, in increment
    raise MaxRetryError(_pool, url, reason) from reason  # type: ignore[arg-type]
urllib3.exceptions.MaxRetryError: HTTPSConnectionPool(host='api.wandb.ai', port=443): Max retries exceeded with url: /graphql (Caused by NameResolutionError("<urllib3.connection.HTTPSConnection object at 0x7fc741007220>: Failed to resolve 'api.wandb.ai' ([Errno 8] nodename nor servname provided, or not known)"))

During handling of the above exception, another exception occurred:

Traceback (most recent call last):
  File "/Users/vladimir/opt/anaconda3/lib/python3.9/site-packages/wandb/sdk/lib/retry.py", line 131, in __call__
    result = self._call_fn(*args, **kwargs)
  File "/Users/vladimir/opt/anaconda3/lib/python3.9/site-packages/wandb/sdk/internal/internal_api.py", line 369, in execute
    return self.client.execute(*args, **kwargs)  # type: ignore
  File "/Users/vladimir/opt/anaconda3/lib/python3.9/site-packages/wandb/vendor/gql-0.2.0/wandb_gql/client.py", line 52, in execute
    result = self._get_result(document, *args, **kwargs)
  File "/Users/vladimir/opt/anaconda3/lib/python3.9/site-packages/wandb/vendor/gql-0.2.0/wandb_gql/client.py", line 60, in _get_result
    return self.transport.execute(document, *args, **kwargs)
  File "/Users/vladimir/opt/anaconda3/lib/python3.9/site-packages/wandb/sdk/lib/gql_request.py", line 58, in execute
    request = self.session.post(self.url, **post_args)
  File "/Users/vladimir/opt/anaconda3/lib/python3.9/site-packages/requests/sessions.py", line 637, in post
    return self.request("POST", url, data=data, json=json, **kwargs)
  File "/Users/vladimir/opt/anaconda3/lib/python3.9/site-packages/requests/sessions.py", line 589, in request
    resp = self.send(prep, **send_kwargs)
  File "/Users/vladimir/opt/anaconda3/lib/python3.9/site-packages/requests/sessions.py", line 703, in send
    r = adapter.send(request, **kwargs)
  File "/Users/vladimir/opt/anaconda3/lib/python3.9/site-packages/requests/adapters.py", line 519, in send
    raise ConnectionError(e, request=request)
requests.exceptions.ConnectionError: HTTPSConnectionPool(host='api.wandb.ai', port=443): Max retries exceeded with url: /graphql (Caused by NameResolutionError("<urllib3.connection.HTTPSConnection object at 0x7fc741007220>: Failed to resolve 'api.wandb.ai' ([Errno 8] nodename nor servname provided, or not known)"))
2024-04-16 09:06:37,830 DEBUG   HandlerThread:33278 [handler.py:handle_request():146] handle_request: keepalive
2024-04-16 09:16:05,786 DEBUG   HandlerThread:33278 [handler.py:handle_request():146] handle_request: internal_messages
2024-04-16 09:16:11,091 DEBUG   HandlerThread:33278 [handler.py:handle_request():146] handle_request: keepalive
2024-04-16 09:16:13,291 DEBUG   SenderThread:33278 [sender.py:send():379] send: stats
2024-04-16 09:16:13,291 DEBUG   HandlerThread:33278 [handler.py:handle_request():146] handle_request: status_report
2024-04-16 09:16:14,946 INFO    Thread-39 :33278 [dir_watcher.py:_on_file_modified():288] file/dir modified: /Users/vladimir/Desktop/CIFAR10-Classification/notebooks/wandb/run-20240416_090117-t47a2dek/files/output.log
2024-04-16 09:16:16,119 DEBUG   HandlerThread:33278 [handler.py:handle_request():146] handle_request: keepalive
2024-04-16 09:33:11,043 WARNING FileStreamThread:33278 [file_stream.py:request_with_retry():687] requests_with_retry encountered retryable exception: ('Connection aborted.', TimeoutError(60, 'Operation timed out')). func: functools.partial(<bound method Session.post of <requests.sessions.Session object at 0x7fc7100621f0>>, timeout=180.0), args: ('https://api.wandb.ai/files/polukhin/test/t47a2dek/file_stream',), kwargs: {'json': {'complete': False, 'failed': False, 'dropped': 0, 'uploaded': []}}
2024-04-16 09:33:14,828 DEBUG   HandlerThread:33278 [handler.py:handle_request():146] handle_request: internal_messages
2024-04-16 09:33:15,593 DEBUG   HandlerThread:33278 [handler.py:handle_request():146] handle_request: status_report
2024-04-16 09:33:16,653 DEBUG   SenderThread:33278 [sender.py:send():379] send: stats
2024-04-16 09:33:20,238 DEBUG   HandlerThread:33278 [handler.py:handle_request():146] handle_request: keepalive
2024-04-16 09:33:20,340 WARNING FileStreamThread:33278 [file_stream.py:request_with_retry():687] requests_with_retry encountered retryable exception: HTTPSConnectionPool(host='api.wandb.ai', port=443): Max retries exceeded with url: /files/polukhin/test/t47a2dek/file_stream (Caused by NameResolutionError("<urllib3.connection.HTTPSConnection object at 0x7fc7511f4c40>: Failed to resolve 'api.wandb.ai' ([Errno 8] nodename nor servname provided, or not known)")). func: functools.partial(<bound method Session.post of <requests.sessions.Session object at 0x7fc7100621f0>>, timeout=180.0), args: ('https://api.wandb.ai/files/polukhin/test/t47a2dek/file_stream',), kwargs: {'json': {'complete': False, 'failed': False, 'dropped': 0, 'uploaded': []}}
2024-04-16 09:33:20,672 DEBUG   HandlerThread:33278 [handler.py:handle_request():146] handle_request: status_report
2024-04-16 09:37:47,448 WARNING FileStreamThread:33278 [file_stream.py:request_with_retry():687] requests_with_retry encountered retryable exception: HTTPSConnectionPool(host='api.wandb.ai', port=443): Max retries exceeded with url: /files/polukhin/test/t47a2dek/file_stream (Caused by NameResolutionError("<urllib3.connection.HTTPSConnection object at 0x7fc710071250>: Failed to resolve 'api.wandb.ai' ([Errno 8] nodename nor servname provided, or not known)")). func: functools.partial(<bound method Session.post of <requests.sessions.Session object at 0x7fc7100621f0>>, timeout=180.0), args: ('https://api.wandb.ai/files/polukhin/test/t47a2dek/file_stream',), kwargs: {'json': {'complete': False, 'failed': False, 'dropped': 0, 'uploaded': []}}
2024-04-16 09:37:47,581 DEBUG   HandlerThread:33278 [handler.py:handle_request():146] handle_request: keepalive
2024-04-16 09:37:50,973 DEBUG   HandlerThread:33278 [handler.py:handle_request():146] handle_request: status_report
2024-04-16 09:37:52,081 DEBUG   HandlerThread:33278 [handler.py:handle_request():146] handle_request: internal_messages
2024-04-16 09:37:55,795 WARNING FileStreamThread:33278 [file_stream.py:request_with_retry():687] requests_with_retry encountered retryable exception: HTTPSConnectionPool(host='api.wandb.ai', port=443): Max retries exceeded with url: /files/polukhin/test/t47a2dek/file_stream (Caused by NameResolutionError("<urllib3.connection.HTTPSConnection object at 0x7fc71006e220>: Failed to resolve 'api.wandb.ai' ([Errno 8] nodename nor servname provided, or not known)")). func: functools.partial(<bound method Session.post of <requests.sessions.Session object at 0x7fc7100621f0>>, timeout=180.0), args: ('https://api.wandb.ai/files/polukhin/test/t47a2dek/file_stream',), kwargs: {'json': {'complete': False, 'failed': False, 'dropped': 0, 'uploaded': []}}
2024-04-16 09:37:56,014 DEBUG   HandlerThread:33278 [handler.py:handle_request():146] handle_request: status_report
2024-04-16 09:45:11,871 DEBUG   HandlerThread:33278 [handler.py:handle_request():146] handle_request: keepalive
2024-04-16 09:45:16,271 DEBUG   HandlerThread:33278 [handler.py:handle_request():146] handle_request: status_report
2024-04-16 09:45:16,843 DEBUG   HandlerThread:33278 [handler.py:handle_request():146] handle_request: keepalive
2024-04-16 09:45:21,289 DEBUG   HandlerThread:33278 [handler.py:handle_request():146] handle_request: status_report
2024-04-16 09:45:21,324 DEBUG   HandlerThread:33278 [handler.py:handle_request():146] handle_request: internal_messages
2024-04-16 09:45:23,142 DEBUG   SenderThread:33278 [sender.py:send():379] send: stats
2024-04-16 09:45:26,886 DEBUG   HandlerThread:33278 [handler.py:handle_request():146] handle_request: keepalive
2024-04-16 09:45:27,158 DEBUG   HandlerThread:33278 [handler.py:handle_request():146] handle_request: status_report
2024-04-16 09:45:27,658 WARNING FileStreamThread:33278 [file_stream.py:request_with_retry():687] requests_with_retry encountered retryable exception: HTTPSConnectionPool(host='api.wandb.ai', port=443): Max retries exceeded with url: /files/polukhin/test/t47a2dek/file_stream (Caused by NameResolutionError("<urllib3.connection.HTTPSConnection object at 0x7fc738058b80>: Failed to resolve 'api.wandb.ai' ([Errno 8] nodename nor servname provided, or not known)")). func: functools.partial(<bound method Session.post of <requests.sessions.Session object at 0x7fc7100621f0>>, timeout=180.0), args: ('https://api.wandb.ai/files/polukhin/test/t47a2dek/file_stream',), kwargs: {'json': {'complete': False, 'failed': False, 'dropped': 0, 'uploaded': []}}
2024-04-16 09:45:31,910 DEBUG   HandlerThread:33278 [handler.py:handle_request():146] handle_request: keepalive
2024-04-16 09:45:32,182 DEBUG   HandlerThread:33278 [handler.py:handle_request():146] handle_request: status_report
2024-04-16 09:45:36,326 DEBUG   HandlerThread:33278 [handler.py:handle_request():146] handle_request: internal_messages
2024-04-16 09:45:37,209 DEBUG   HandlerThread:33278 [handler.py:handle_request():146] handle_request: status_report
2024-04-16 09:45:41,955 DEBUG   HandlerThread:33278 [handler.py:handle_request():146] handle_request: keepalive
2024-04-16 09:45:42,227 DEBUG   HandlerThread:33278 [handler.py:handle_request():146] handle_request: status_report
2024-04-16 09:45:46,970 DEBUG   HandlerThread:33278 [handler.py:handle_request():146] handle_request: keepalive
2024-04-16 09:45:47,235 DEBUG   HandlerThread:33278 [handler.py:handle_request():146] handle_request: status_report
2024-04-16 09:45:51,318 DEBUG   HandlerThread:33278 [handler.py:handle_request():146] handle_request: internal_messages
2024-04-16 09:45:52,252 DEBUG   HandlerThread:33278 [handler.py:handle_request():146] handle_request: status_report
2024-04-16 09:45:53,132 DEBUG   SenderThread:33278 [sender.py:send():379] send: stats
2024-04-16 09:45:57,008 DEBUG   HandlerThread:33278 [handler.py:handle_request():146] handle_request: keepalive
2024-04-16 09:45:58,155 DEBUG   HandlerThread:33278 [handler.py:handle_request():146] handle_request: status_report
2024-04-16 09:46:02,034 DEBUG   HandlerThread:33278 [handler.py:handle_request():146] handle_request: keepalive
2024-04-16 09:46:03,175 DEBUG   HandlerThread:33278 [handler.py:handle_request():146] handle_request: status_report
2024-04-16 09:46:06,317 DEBUG   HandlerThread:33278 [handler.py:handle_request():146] handle_request: internal_messages
2024-04-16 09:46:08,184 DEBUG   HandlerThread:33278 [handler.py:handle_request():146] handle_request: status_report
2024-04-16 09:46:12,065 DEBUG   HandlerThread:33278 [handler.py:handle_request():146] handle_request: keepalive
2024-04-16 09:46:13,205 DEBUG   HandlerThread:33278 [handler.py:handle_request():146] handle_request: status_report
2024-04-16 09:46:17,087 DEBUG   HandlerThread:33278 [handler.py:handle_request():146] handle_request: keepalive
2024-04-16 09:46:18,228 DEBUG   HandlerThread:33278 [handler.py:handle_request():146] handle_request: status_report
2024-04-16 09:46:21,314 DEBUG   HandlerThread:33278 [handler.py:handle_request():146] handle_request: internal_messages
2024-04-16 09:46:23,132 DEBUG   SenderThread:33278 [sender.py:send():379] send: stats
2024-04-16 09:46:24,139 DEBUG   HandlerThread:33278 [handler.py:handle_request():146] handle_request: status_report
2024-04-16 09:46:27,199 DEBUG   HandlerThread:33278 [handler.py:handle_request():146] handle_request: keepalive
2024-04-16 09:46:29,156 DEBUG   HandlerThread:33278 [handler.py:handle_request():146] handle_request: status_report
2024-04-16 09:46:32,146 DEBUG   HandlerThread:33278 [handler.py:handle_request():146] handle_request: keepalive
2024-04-16 09:46:34,169 DEBUG   HandlerThread:33278 [handler.py:handle_request():146] handle_request: status_report
2024-04-16 09:46:36,314 DEBUG   HandlerThread:33278 [handler.py:handle_request():146] handle_request: internal_messages
2024-04-16 09:46:39,183 DEBUG   HandlerThread:33278 [handler.py:handle_request():146] handle_request: status_report
2024-04-16 09:46:42,171 DEBUG   HandlerThread:33278 [handler.py:handle_request():146] handle_request: keepalive
2024-04-16 09:46:44,205 DEBUG   HandlerThread:33278 [handler.py:handle_request():146] handle_request: status_report
2024-04-16 09:46:47,187 DEBUG   HandlerThread:33278 [handler.py:handle_request():146] handle_request: keepalive
2024-04-16 09:46:49,221 DEBUG   HandlerThread:33278 [handler.py:handle_request():146] handle_request: status_report
2024-04-16 09:46:51,319 DEBUG   HandlerThread:33278 [handler.py:handle_request():146] handle_request: internal_messages
2024-04-16 09:46:53,142 DEBUG   SenderThread:33278 [sender.py:send():379] send: stats
2024-04-16 09:46:55,153 DEBUG   HandlerThread:33278 [handler.py:handle_request():146] handle_request: status_report
2024-04-16 09:46:57,224 DEBUG   HandlerThread:33278 [handler.py:handle_request():146] handle_request: keepalive
2024-04-16 09:47:00,171 DEBUG   HandlerThread:33278 [handler.py:handle_request():146] handle_request: status_report
2024-04-16 09:47:02,245 DEBUG   HandlerThread:33278 [handler.py:handle_request():146] handle_request: keepalive
2024-04-16 09:47:05,193 DEBUG   HandlerThread:33278 [handler.py:handle_request():146] handle_request: status_report
2024-04-16 09:47:06,325 DEBUG   HandlerThread:33278 [handler.py:handle_request():146] handle_request: internal_messages
2024-04-16 09:47:10,218 DEBUG   HandlerThread:33278 [handler.py:handle_request():146] handle_request: status_report
2024-04-16 09:47:12,283 DEBUG   HandlerThread:33278 [handler.py:handle_request():146] handle_request: keepalive
2024-04-16 09:47:15,239 DEBUG   HandlerThread:33278 [handler.py:handle_request():146] handle_request: status_report
2024-04-16 09:47:17,303 DEBUG   HandlerThread:33278 [handler.py:handle_request():146] handle_request: keepalive
2024-04-16 09:47:20,257 DEBUG   HandlerThread:33278 [handler.py:handle_request():146] handle_request: status_report
2024-04-16 09:47:21,330 DEBUG   HandlerThread:33278 [handler.py:handle_request():146] handle_request: internal_messages
2024-04-16 09:47:23,145 DEBUG   SenderThread:33278 [sender.py:send():379] send: stats
2024-04-16 09:47:26,153 DEBUG   HandlerThread:33278 [handler.py:handle_request():146] handle_request: status_report
2024-04-16 09:47:26,346 DEBUG   HandlerThread:33278 [handler.py:handle_request():146] handle_request: keepalive
2024-04-16 09:47:31,174 DEBUG   HandlerThread:33278 [handler.py:handle_request():146] handle_request: status_report
2024-04-16 09:47:31,364 DEBUG   HandlerThread:33278 [handler.py:handle_request():146] handle_request: keepalive
2024-04-16 09:47:36,189 DEBUG   HandlerThread:33278 [handler.py:handle_request():146] handle_request: status_report
2024-04-16 09:47:36,331 DEBUG   HandlerThread:33278 [handler.py:handle_request():146] handle_request: internal_messages
2024-04-16 09:47:41,209 DEBUG   HandlerThread:33278 [handler.py:handle_request():146] handle_request: status_report
2024-04-16 09:47:41,396 DEBUG   HandlerThread:33278 [handler.py:handle_request():146] handle_request: keepalive
2024-04-16 09:47:46,234 DEBUG   HandlerThread:33278 [handler.py:handle_request():146] handle_request: status_report
2024-04-16 09:47:46,422 DEBUG   HandlerThread:33278 [handler.py:handle_request():146] handle_request: keepalive
2024-04-16 09:47:51,253 DEBUG   HandlerThread:33278 [handler.py:handle_request():146] handle_request: status_report
2024-04-16 09:47:51,336 DEBUG   HandlerThread:33278 [handler.py:handle_request():146] handle_request: internal_messages
2024-04-16 09:47:53,154 DEBUG   SenderThread:33278 [sender.py:send():379] send: stats
2024-04-16 09:47:56,449 DEBUG   HandlerThread:33278 [handler.py:handle_request():146] handle_request: keepalive
2024-04-16 09:47:57,165 DEBUG   HandlerThread:33278 [handler.py:handle_request():146] handle_request: status_report
2024-04-16 09:48:01,461 DEBUG   HandlerThread:33278 [handler.py:handle_request():146] handle_request: keepalive
2024-04-16 09:48:02,179 DEBUG   HandlerThread:33278 [handler.py:handle_request():146] handle_request: status_report
2024-04-16 09:48:06,342 DEBUG   HandlerThread:33278 [handler.py:handle_request():146] handle_request: internal_messages
2024-04-16 09:48:07,194 DEBUG   HandlerThread:33278 [handler.py:handle_request():146] handle_request: status_report
2024-04-16 09:48:11,498 DEBUG   HandlerThread:33278 [handler.py:handle_request():146] handle_request: keepalive
2024-04-16 09:48:12,207 DEBUG   HandlerThread:33278 [handler.py:handle_request():146] handle_request: status_report
2024-04-16 09:48:16,519 DEBUG   HandlerThread:33278 [handler.py:handle_request():146] handle_request: keepalive
2024-04-16 09:48:17,221 DEBUG   HandlerThread:33278 [handler.py:handle_request():146] handle_request: status_report
2024-04-16 09:48:21,343 DEBUG   HandlerThread:33278 [handler.py:handle_request():146] handle_request: internal_messages
2024-04-16 09:48:22,240 DEBUG   HandlerThread:33278 [handler.py:handle_request():146] handle_request: status_report
2024-04-16 09:48:23,162 DEBUG   SenderThread:33278 [sender.py:send():379] send: stats
2024-04-16 09:48:26,557 DEBUG   HandlerThread:33278 [handler.py:handle_request():146] handle_request: keepalive
2024-04-16 09:48:28,189 DEBUG   HandlerThread:33278 [handler.py:handle_request():146] handle_request: status_report
2024-04-16 09:48:31,582 DEBUG   HandlerThread:33278 [handler.py:handle_request():146] handle_request: keepalive
2024-04-16 09:48:33,205 DEBUG   HandlerThread:33278 [handler.py:handle_request():146] handle_request: status_report
2024-04-16 09:48:36,347 DEBUG   HandlerThread:33278 [handler.py:handle_request():146] handle_request: internal_messages
2024-04-16 09:48:38,223 DEBUG   HandlerThread:33278 [handler.py:handle_request():146] handle_request: status_report
2024-04-16 09:48:41,621 DEBUG   HandlerThread:33278 [handler.py:handle_request():146] handle_request: keepalive
2024-04-16 09:48:43,237 DEBUG   HandlerThread:33278 [handler.py:handle_request():146] handle_request: status_report
2024-04-16 09:48:46,641 DEBUG   HandlerThread:33278 [handler.py:handle_request():146] handle_request: keepalive
2024-04-16 09:48:48,250 DEBUG   HandlerThread:33278 [handler.py:handle_request():146] handle_request: status_report
2024-04-16 09:48:51,352 DEBUG   HandlerThread:33278 [handler.py:handle_request():146] handle_request: internal_messages
2024-04-16 09:48:53,166 DEBUG   SenderThread:33278 [sender.py:send():379] send: stats
2024-04-16 09:48:54,172 DEBUG   HandlerThread:33278 [handler.py:handle_request():146] handle_request: status_report
2024-04-16 09:48:56,683 DEBUG   HandlerThread:33278 [handler.py:handle_request():146] handle_request: keepalive
2024-04-16 09:48:59,195 DEBUG   HandlerThread:33278 [handler.py:handle_request():146] handle_request: status_report
2024-04-16 09:49:01,703 DEBUG   HandlerThread:33278 [handler.py:handle_request():146] handle_request: keepalive
2024-04-16 09:49:04,220 DEBUG   HandlerThread:33278 [handler.py:handle_request():146] handle_request: status_report
2024-04-16 09:49:06,358 DEBUG   HandlerThread:33278 [handler.py:handle_request():146] handle_request: internal_messages
2024-04-16 09:49:09,233 DEBUG   HandlerThread:33278 [handler.py:handle_request():146] handle_request: status_report
2024-04-16 09:49:11,734 DEBUG   HandlerThread:33278 [handler.py:handle_request():146] handle_request: keepalive
2024-04-16 09:49:14,255 DEBUG   HandlerThread:33278 [handler.py:handle_request():146] handle_request: status_report
2024-04-16 09:49:16,756 DEBUG   HandlerThread:33278 [handler.py:handle_request():146] handle_request: keepalive
2024-04-16 09:49:19,274 DEBUG   HandlerThread:33278 [handler.py:handle_request():146] handle_request: status_report
2024-04-16 09:49:21,364 DEBUG   HandlerThread:33278 [handler.py:handle_request():146] handle_request: internal_messages
2024-04-16 09:49:23,173 DEBUG   SenderThread:33278 [sender.py:send():379] send: stats
2024-04-16 09:49:25,182 DEBUG   HandlerThread:33278 [handler.py:handle_request():146] handle_request: status_report
2024-04-16 09:49:26,793 DEBUG   HandlerThread:33278 [handler.py:handle_request():146] handle_request: keepalive
2024-04-16 09:49:30,194 DEBUG   HandlerThread:33278 [handler.py:handle_request():146] handle_request: status_report
2024-04-16 09:49:31,817 DEBUG   HandlerThread:33278 [handler.py:handle_request():146] handle_request: keepalive
2024-04-16 09:49:35,214 DEBUG   HandlerThread:33278 [handler.py:handle_request():146] handle_request: status_report
2024-04-16 09:49:36,369 DEBUG   HandlerThread:33278 [handler.py:handle_request():146] handle_request: internal_messages
2024-04-16 09:49:40,230 DEBUG   HandlerThread:33278 [handler.py:handle_request():146] handle_request: status_report
2024-04-16 09:49:41,864 DEBUG   HandlerThread:33278 [handler.py:handle_request():146] handle_request: keepalive
2024-04-16 09:49:45,247 DEBUG   HandlerThread:33278 [handler.py:handle_request():146] handle_request: status_report
2024-04-16 09:49:46,884 DEBUG   HandlerThread:33278 [handler.py:handle_request():146] handle_request: keepalive
2024-04-16 09:49:50,268 DEBUG   HandlerThread:33278 [handler.py:handle_request():146] handle_request: status_report
2024-04-16 09:49:51,375 DEBUG   HandlerThread:33278 [handler.py:handle_request():146] handle_request: internal_messages
2024-04-16 09:49:53,177 DEBUG   SenderThread:33278 [sender.py:send():379] send: stats
2024-04-16 09:49:56,190 DEBUG   HandlerThread:33278 [handler.py:handle_request():146] handle_request: status_report
2024-04-16 09:49:56,924 DEBUG   HandlerThread:33278 [handler.py:handle_request():146] handle_request: keepalive
2024-04-16 09:50:01,200 DEBUG   HandlerThread:33278 [handler.py:handle_request():146] handle_request: status_report
2024-04-16 09:50:01,937 DEBUG   HandlerThread:33278 [handler.py:handle_request():146] handle_request: keepalive
2024-04-16 09:50:06,219 DEBUG   HandlerThread:33278 [handler.py:handle_request():146] handle_request: status_report
2024-04-16 09:50:06,378 DEBUG   HandlerThread:33278 [handler.py:handle_request():146] handle_request: internal_messages
2024-04-16 09:50:11,236 DEBUG   HandlerThread:33278 [handler.py:handle_request():146] handle_request: status_report
2024-04-16 09:50:11,980 DEBUG   HandlerThread:33278 [handler.py:handle_request():146] handle_request: keepalive
2024-04-16 09:50:16,254 DEBUG   HandlerThread:33278 [handler.py:handle_request():146] handle_request: status_report
2024-04-16 09:50:17,000 DEBUG   HandlerThread:33278 [handler.py:handle_request():146] handle_request: keepalive
2024-04-16 09:50:21,267 DEBUG   HandlerThread:33278 [handler.py:handle_request():146] handle_request: status_report
2024-04-16 09:50:21,385 DEBUG   HandlerThread:33278 [handler.py:handle_request():146] handle_request: internal_messages
2024-04-16 09:50:23,184 DEBUG   SenderThread:33278 [sender.py:send():379] send: stats
2024-04-16 09:50:27,045 DEBUG   HandlerThread:33278 [handler.py:handle_request():146] handle_request: keepalive
2024-04-16 09:50:27,197 DEBUG   HandlerThread:33278 [handler.py:handle_request():146] handle_request: status_report
2024-04-16 09:50:32,064 DEBUG   HandlerThread:33278 [handler.py:handle_request():146] handle_request: keepalive
2024-04-16 09:50:32,215 DEBUG   HandlerThread:33278 [handler.py:handle_request():146] handle_request: status_report
2024-04-16 09:50:36,390 DEBUG   HandlerThread:33278 [handler.py:handle_request():146] handle_request: internal_messages
2024-04-16 09:50:37,240 DEBUG   HandlerThread:33278 [handler.py:handle_request():146] handle_request: status_report
2024-04-16 09:50:42,106 DEBUG   HandlerThread:33278 [handler.py:handle_request():146] handle_request: keepalive
2024-04-16 09:50:42,257 DEBUG   HandlerThread:33278 [handler.py:handle_request():146] handle_request: status_report
2024-04-16 09:50:47,130 DEBUG   HandlerThread:33278 [handler.py:handle_request():146] handle_request: keepalive
2024-04-16 09:50:47,276 DEBUG   HandlerThread:33278 [handler.py:handle_request():146] handle_request: status_report
2024-04-16 09:50:51,395 DEBUG   HandlerThread:33278 [handler.py:handle_request():146] handle_request: internal_messages
2024-04-16 09:50:52,290 DEBUG   HandlerThread:33278 [handler.py:handle_request():146] handle_request: status_report
2024-04-16 09:50:53,191 DEBUG   SenderThread:33278 [sender.py:send():379] send: stats
2024-04-16 09:50:57,166 DEBUG   HandlerThread:33278 [handler.py:handle_request():146] handle_request: keepalive
2024-04-16 09:50:58,209 DEBUG   HandlerThread:33278 [handler.py:handle_request():146] handle_request: status_report
2024-04-16 09:51:02,181 DEBUG   HandlerThread:33278 [handler.py:handle_request():146] handle_request: keepalive
2024-04-16 09:51:03,225 DEBUG   HandlerThread:33278 [handler.py:handle_request():146] handle_request: status_report
2024-04-16 09:51:06,399 DEBUG   HandlerThread:33278 [handler.py:handle_request():146] handle_request: internal_messages
2024-04-16 09:51:08,244 DEBUG   HandlerThread:33278 [handler.py:handle_request():146] handle_request: status_report
2024-04-16 09:51:12,212 DEBUG   HandlerThread:33278 [handler.py:handle_request():146] handle_request: keepalive
2024-04-16 09:51:13,266 DEBUG   HandlerThread:33278 [handler.py:handle_request():146] handle_request: status_report
2024-04-16 09:51:17,231 DEBUG   HandlerThread:33278 [handler.py:handle_request():146] handle_request: keepalive
2024-04-16 09:51:18,287 DEBUG   HandlerThread:33278 [handler.py:handle_request():146] handle_request: status_report
2024-04-16 09:51:21,405 DEBUG   HandlerThread:33278 [handler.py:handle_request():146] handle_request: internal_messages
2024-04-16 09:51:23,198 DEBUG   SenderThread:33278 [sender.py:send():379] send: stats
2024-04-16 09:51:24,205 DEBUG   HandlerThread:33278 [handler.py:handle_request():146] handle_request: status_report
2024-04-16 09:51:27,279 DEBUG   HandlerThread:33278 [handler.py:handle_request():146] handle_request: keepalive
2024-04-16 09:51:29,227 DEBUG   HandlerThread:33278 [handler.py:handle_request():146] handle_request: status_report
2024-04-16 09:51:32,301 DEBUG   HandlerThread:33278 [handler.py:handle_request():146] handle_request: keepalive
2024-04-16 09:51:34,245 DEBUG   HandlerThread:33278 [handler.py:handle_request():146] handle_request: status_report
2024-04-16 09:51:36,410 DEBUG   HandlerThread:33278 [handler.py:handle_request():146] handle_request: internal_messages
2024-04-16 09:51:39,260 DEBUG   HandlerThread:33278 [handler.py:handle_request():146] handle_request: status_report
2024-04-16 09:51:42,335 DEBUG   HandlerThread:33278 [handler.py:handle_request():146] handle_request: keepalive
2024-04-16 09:51:44,282 DEBUG   HandlerThread:33278 [handler.py:handle_request():146] handle_request: status_report
2024-04-16 09:51:47,360 DEBUG   HandlerThread:33278 [handler.py:handle_request():146] handle_request: keepalive
2024-04-16 09:51:49,298 DEBUG   HandlerThread:33278 [handler.py:handle_request():146] handle_request: status_report
2024-04-16 09:51:51,417 DEBUG   HandlerThread:33278 [handler.py:handle_request():146] handle_request: internal_messages
2024-04-16 09:51:53,203 DEBUG   SenderThread:33278 [sender.py:send():379] send: stats
2024-04-16 09:51:55,212 DEBUG   HandlerThread:33278 [handler.py:handle_request():146] handle_request: status_report
2024-04-16 09:51:57,411 DEBUG   HandlerThread:33278 [handler.py:handle_request():146] handle_request: keepalive
2024-04-16 09:52:00,232 DEBUG   HandlerThread:33278 [handler.py:handle_request():146] handle_request: status_report
2024-04-16 09:52:02,434 DEBUG   HandlerThread:33278 [handler.py:handle_request():146] handle_request: keepalive
2024-04-16 09:52:05,251 DEBUG   HandlerThread:33278 [handler.py:handle_request():146] handle_request: status_report
2024-04-16 09:52:06,420 DEBUG   HandlerThread:33278 [handler.py:handle_request():146] handle_request: internal_messages
2024-04-16 09:52:10,270 DEBUG   HandlerThread:33278 [handler.py:handle_request():146] handle_request: status_report
2024-04-16 09:52:11,473 DEBUG   HandlerThread:33278 [handler.py:handle_request():146] handle_request: keepalive
2024-04-16 09:52:15,296 DEBUG   HandlerThread:33278 [handler.py:handle_request():146] handle_request: status_report
2024-04-16 09:52:16,496 DEBUG   HandlerThread:33278 [handler.py:handle_request():146] handle_request: keepalive
2024-04-16 09:52:20,317 DEBUG   HandlerThread:33278 [handler.py:handle_request():146] handle_request: status_report
2024-04-16 09:52:21,427 DEBUG   HandlerThread:33278 [handler.py:handle_request():146] handle_request: internal_messages
2024-04-16 09:52:23,204 DEBUG   SenderThread:33278 [sender.py:send():379] send: stats
2024-04-16 09:52:26,217 DEBUG   HandlerThread:33278 [handler.py:handle_request():146] handle_request: status_report
2024-04-16 09:52:26,541 DEBUG   HandlerThread:33278 [handler.py:handle_request():146] handle_request: keepalive
2024-04-16 09:52:31,232 DEBUG   HandlerThread:33278 [handler.py:handle_request():146] handle_request: status_report
2024-04-16 09:52:31,559 DEBUG   HandlerThread:33278 [handler.py:handle_request():146] handle_request: keepalive
2024-04-16 09:52:36,254 DEBUG   HandlerThread:33278 [handler.py:handle_request():146] handle_request: status_report
2024-04-16 09:52:36,427 DEBUG   HandlerThread:33278 [handler.py:handle_request():146] handle_request: internal_messages
2024-04-16 09:52:41,280 DEBUG   HandlerThread:33278 [handler.py:handle_request():146] handle_request: status_report
2024-04-16 09:52:41,600 DEBUG   HandlerThread:33278 [handler.py:handle_request():146] handle_request: keepalive
2024-04-16 09:52:46,303 DEBUG   HandlerThread:33278 [handler.py:handle_request():146] handle_request: status_report
2024-04-16 09:52:46,619 DEBUG   HandlerThread:33278 [handler.py:handle_request():146] handle_request: keepalive
2024-04-16 09:52:51,328 DEBUG   HandlerThread:33278 [handler.py:handle_request():146] handle_request: status_report
2024-04-16 09:52:51,428 DEBUG   HandlerThread:33278 [handler.py:handle_request():146] handle_request: internal_messages
2024-04-16 09:52:53,219 DEBUG   SenderThread:33278 [sender.py:send():379] send: stats
2024-04-16 09:52:56,668 DEBUG   HandlerThread:33278 [handler.py:handle_request():146] handle_request: keepalive
2024-04-16 09:52:57,235 DEBUG   HandlerThread:33278 [handler.py:handle_request():146] handle_request: status_report
2024-04-16 09:53:01,692 DEBUG   HandlerThread:33278 [handler.py:handle_request():146] handle_request: keepalive
2024-04-16 09:53:02,261 DEBUG   HandlerThread:33278 [handler.py:handle_request():146] handle_request: status_report
2024-04-16 09:53:06,432 DEBUG   HandlerThread:33278 [handler.py:handle_request():146] handle_request: internal_messages
2024-04-16 09:53:07,284 DEBUG   HandlerThread:33278 [handler.py:handle_request():146] handle_request: status_report
2024-04-16 09:53:11,741 DEBUG   HandlerThread:33278 [handler.py:handle_request():146] handle_request: keepalive
2024-04-16 09:53:12,298 DEBUG   HandlerThread:33278 [handler.py:handle_request():146] handle_request: status_report
2024-04-16 09:53:16,761 DEBUG   HandlerThread:33278 [handler.py:handle_request():146] handle_request: keepalive
2024-04-16 09:53:17,309 DEBUG   HandlerThread:33278 [handler.py:handle_request():146] handle_request: status_report
2024-04-16 09:53:21,436 DEBUG   HandlerThread:33278 [handler.py:handle_request():146] handle_request: internal_messages
2024-04-16 09:53:22,328 DEBUG   HandlerThread:33278 [handler.py:handle_request():146] handle_request: status_report
2024-04-16 09:53:23,218 DEBUG   SenderThread:33278 [sender.py:send():379] send: stats
2024-04-16 09:53:26,799 DEBUG   HandlerThread:33278 [handler.py:handle_request():146] handle_request: keepalive
2024-04-16 09:53:28,241 DEBUG   HandlerThread:33278 [handler.py:handle_request():146] handle_request: status_report
2024-04-16 09:53:31,823 DEBUG   HandlerThread:33278 [handler.py:handle_request():146] handle_request: keepalive
2024-04-16 09:53:33,265 DEBUG   HandlerThread:33278 [handler.py:handle_request():146] handle_request: status_report
2024-04-16 09:53:36,437 DEBUG   HandlerThread:33278 [handler.py:handle_request():146] handle_request: internal_messages
2024-04-16 09:53:38,286 DEBUG   HandlerThread:33278 [handler.py:handle_request():146] handle_request: status_report
2024-04-16 09:53:41,870 DEBUG   HandlerThread:33278 [handler.py:handle_request():146] handle_request: keepalive
2024-04-16 09:53:43,298 DEBUG   HandlerThread:33278 [handler.py:handle_request():146] handle_request: status_report
2024-04-16 09:53:46,897 DEBUG   HandlerThread:33278 [handler.py:handle_request():146] handle_request: keepalive
2024-04-16 09:53:48,319 DEBUG   HandlerThread:33278 [handler.py:handle_request():146] handle_request: status_report
2024-04-16 09:53:51,440 DEBUG   HandlerThread:33278 [handler.py:handle_request():146] handle_request: internal_messages
2024-04-16 09:53:53,223 DEBUG   SenderThread:33278 [sender.py:send():379] send: stats
2024-04-16 09:53:54,229 DEBUG   HandlerThread:33278 [handler.py:handle_request():146] handle_request: status_report
2024-04-16 09:53:56,930 DEBUG   HandlerThread:33278 [handler.py:handle_request():146] handle_request: keepalive
2024-04-16 09:53:59,250 DEBUG   HandlerThread:33278 [handler.py:handle_request():146] handle_request: status_report
2024-04-16 09:54:01,956 DEBUG   HandlerThread:33278 [handler.py:handle_request():146] handle_request: keepalive
2024-04-16 09:54:04,276 DEBUG   HandlerThread:33278 [handler.py:handle_request():146] handle_request: status_report
2024-04-16 09:54:06,447 DEBUG   HandlerThread:33278 [handler.py:handle_request():146] handle_request: internal_messages
2024-04-16 09:54:09,294 DEBUG   HandlerThread:33278 [handler.py:handle_request():146] handle_request: status_report
2024-04-16 09:54:11,998 DEBUG   HandlerThread:33278 [handler.py:handle_request():146] handle_request: keepalive
2024-04-16 09:54:14,316 DEBUG   HandlerThread:33278 [handler.py:handle_request():146] handle_request: status_report
2024-04-16 09:54:17,023 DEBUG   HandlerThread:33278 [handler.py:handle_request():146] handle_request: keepalive
2024-04-16 09:54:19,334 DEBUG   HandlerThread:33278 [handler.py:handle_request():146] handle_request: status_report
2024-04-16 09:54:21,452 DEBUG   HandlerThread:33278 [handler.py:handle_request():146] handle_request: internal_messages
2024-04-16 09:54:23,228 DEBUG   SenderThread:33278 [sender.py:send():379] send: stats
2024-04-16 09:54:25,240 DEBUG   HandlerThread:33278 [handler.py:handle_request():146] handle_request: status_report
2024-04-16 09:54:27,059 DEBUG   HandlerThread:33278 [handler.py:handle_request():146] handle_request: keepalive
2024-04-16 09:54:30,261 DEBUG   HandlerThread:33278 [handler.py:handle_request():146] handle_request: status_report
2024-04-16 09:54:32,085 DEBUG   HandlerThread:33278 [handler.py:handle_request():146] handle_request: keepalive
2024-04-16 09:54:35,278 DEBUG   HandlerThread:33278 [handler.py:handle_request():146] handle_request: status_report
2024-04-16 09:54:36,456 DEBUG   HandlerThread:33278 [handler.py:handle_request():146] handle_request: internal_messages
2024-04-16 09:54:40,307 DEBUG   HandlerThread:33278 [handler.py:handle_request():146] handle_request: status_report
2024-04-16 09:54:42,118 DEBUG   HandlerThread:33278 [handler.py:handle_request():146] handle_request: keepalive
2024-04-16 09:54:45,329 DEBUG   HandlerThread:33278 [handler.py:handle_request():146] handle_request: status_report
2024-04-16 09:54:47,140 DEBUG   HandlerThread:33278 [handler.py:handle_request():146] handle_request: keepalive
2024-04-16 09:54:50,348 DEBUG   HandlerThread:33278 [handler.py:handle_request():146] handle_request: status_report
2024-04-16 09:54:51,463 DEBUG   HandlerThread:33278 [handler.py:handle_request():146] handle_request: internal_messages
2024-04-16 09:54:53,238 DEBUG   SenderThread:33278 [sender.py:send():379] send: stats
